  stdafx.cpp
  Translate.cpp
  Segment.cpp
c:\users\intekplus\documents\visual studio 2012\projects\image-processing\bmpload2\segment.cpp(46): warning C4101: 'j' :참조되지 않은 지역 변수입니다.
  SaltPepper.cpp
  Rotate.cpp
  Resize.cpp
  NoiseGaussian.cpp
  Image.cpp
  Harris.cpp
  Geometry.cpp
  Gaussian.cpp
  Gamma.cpp
  Freq_Space.cpp
  Fourier.cpp
c:\users\intekplus\documents\visual studio 2012\projects\image-processing\bmpload2\fourier.cpp(78): warning C4244: '=' : 'double'에서 'int'(으)로 변환하면서 데이터가 손실될 수 있습니다.
c:\users\intekplus\documents\visual studio 2012\projects\image-processing\bmpload2\fourier.cpp(121): warning C4244: '=' : 'double'에서 'int'(으)로 변환하면서 데이터가 손실될 수 있습니다.
c:\users\intekplus\documents\visual studio 2012\projects\image-processing\bmpload2\fourier.cpp(163): warning C4244: '=' : 'double'에서 'int'(으)로 변환하면서 데이터가 손실될 수 있습니다.
  Filter.cpp
c:\users\intekplus\documents\visual studio 2012\projects\image-processing\bmpload2\filter.cpp(154): warning C4244: '=' : 'double'에서 'int'(으)로 변환하면서 데이터가 손실될 수 있습니다.
c:\users\intekplus\documents\visual studio 2012\projects\image-processing\bmpload2\filter.cpp(301): warning C4244: '=' : 'float'에서 'int'(으)로 변환하면서 데이터가 손실될 수 있습니다.
  Enhancement.cpp
  Diffusion.cpp
  Contrast.cpp
  Color.cpp
c:\users\intekplus\documents\visual studio 2012\projects\image-processing\bmpload2\color.cpp(21): warning C4244: '=' : 'COLORREF'에서 'BYTE'(으)로 변환하면서 데이터가 손실될 수 있습니다.
c:\users\intekplus\documents\visual studio 2012\projects\image-processing\bmpload2\color.cpp(22): warning C4244: '=' : 'COLORREF'에서 'BYTE'(으)로 변환하면서 데이터가 손실될 수 있습니다.
c:\users\intekplus\documents\visual studio 2012\projects\image-processing\bmpload2\color.cpp(23): warning C4244: '=' : 'COLORREF'에서 'BYTE'(으)로 변환하면서 데이터가 손실될 수 있습니다.
c:\users\intekplus\documents\visual studio 2012\projects\image-processing\bmpload2\color.cpp(98): warning C4244: '=' : 'double'에서 'BYTE'(으)로 변환하면서 데이터가 손실될 수 있습니다.
c:\users\intekplus\documents\visual studio 2012\projects\image-processing\bmpload2\color.cpp(99): warning C4244: '=' : 'double'에서 'BYTE'(으)로 변환하면서 데이터가 손실될 수 있습니다.
c:\users\intekplus\documents\visual studio 2012\projects\image-processing\bmpload2\color.cpp(100): warning C4244: '=' : 'double'에서 'BYTE'(으)로 변환하면서 데이터가 손실될 수 있습니다.
c:\users\intekplus\documents\visual studio 2012\projects\image-processing\bmpload2\color.cpp(195): warning C4244: '=' : 'COLORREF'에서 'BYTE'(으)로 변환하면서 데이터가 손실될 수 있습니다.
c:\users\intekplus\documents\visual studio 2012\projects\image-processing\bmpload2\color.cpp(196): warning C4244: '=' : 'COLORREF'에서 'BYTE'(으)로 변환하면서 데이터가 손실될 수 있습니다.
c:\users\intekplus\documents\visual studio 2012\projects\image-processing\bmpload2\color.cpp(197): warning C4244: '=' : 'COLORREF'에서 'BYTE'(으)로 변환하면서 데이터가 손실될 수 있습니다.
c:\users\intekplus\documents\visual studio 2012\projects\image-processing\bmpload2\color.cpp(239): warning C4244: '=' : 'COLORREF'에서 'BYTE'(으)로 변환하면서 데이터가 손실될 수 있습니다.
c:\users\intekplus\documents\visual studio 2012\projects\image-processing\bmpload2\color.cpp(240): warning C4244: '=' : 'COLORREF'에서 'BYTE'(으)로 변환하면서 데이터가 손실될 수 있습니다.
c:\users\intekplus\documents\visual studio 2012\projects\image-processing\bmpload2\color.cpp(241): warning C4244: '=' : 'COLORREF'에서 'BYTE'(으)로 변환하면서 데이터가 손실될 수 있습니다.
c:\users\intekplus\documents\visual studio 2012\projects\image-processing\bmpload2\color.cpp(266): warning C4244: '=' : 'double'에서 'int'(으)로 변환하면서 데이터가 손실될 수 있습니다.
  Brightness.cpp
  bmpLoad2Dlg.cpp
c:\users\intekplus\documents\visual studio 2012\projects\image-processing\bmpload2\bmpload2dlg.cpp : warning C4819: 현재 코드 페이지(949)에서 표시할 수 없는 문자가 파일에 들어 있습니다. 데이터가 손실되지 않게 하려면 해당 파일을 유니코드 형식으로 저장하십시오.
  코드를 생성하고 있습니다...
  컴파일하고 있습니다...
  bmpLoad2.cpp
  BitPlane.cpp
  Binarize.cpp
  코드를 생성하고 있습니다...
  bmpLoad2.vcxproj -> C:\Users\IntekPlus\Documents\Visual Studio 2012\Projects\Image-Processing\Debug\bmpLoad2.exe
