C:\USERS\INTEKPLUS\DOCUMENTS\VISUAL STUDIO 2012\PROJECTS\IMAGE-PROCESSING\BMPLOAD2\DEBUG\BMPLOAD2.PCH
C:\USERS\INTEKPLUS\DOCUMENTS\VISUAL STUDIO 2012\PROJECTS\IMAGE-PROCESSING\BMPLOAD2\DEBUG\STDAFX.OBJ
C:\USERS\INTEKPLUS\DOCUMENTS\VISUAL STUDIO 2012\PROJECTS\IMAGE-PROCESSING\BMPLOAD2\DEBUG\VC110.PDB
C:\USERS\INTEKPLUS\DOCUMENTS\VISUAL STUDIO 2012\PROJECTS\IMAGE-PROCESSING\BMPLOAD2\DEBUG\BITPLANE.OBJ
C:\USERS\INTEKPLUS\DOCUMENTS\VISUAL STUDIO 2012\PROJECTS\IMAGE-PROCESSING\BMPLOAD2\DEBUG\BMPLOAD2.OBJ
C:\USERS\INTEKPLUS\DOCUMENTS\VISUAL STUDIO 2012\PROJECTS\IMAGE-PROCESSING\BMPLOAD2\DEBUG\BRIGHTNESS.OBJ
C:\USERS\INTEKPLUS\DOCUMENTS\VISUAL STUDIO 2012\PROJECTS\IMAGE-PROCESSING\BMPLOAD2\DEBUG\CONTRAST.OBJ
C:\USERS\INTEKPLUS\DOCUMENTS\VISUAL STUDIO 2012\PROJECTS\IMAGE-PROCESSING\BMPLOAD2\DEBUG\DIFFUSION.OBJ
C:\USERS\INTEKPLUS\DOCUMENTS\VISUAL STUDIO 2012\PROJECTS\IMAGE-PROCESSING\BMPLOAD2\DEBUG\ENHANCEMENT.OBJ
C:\USERS\INTEKPLUS\DOCUMENTS\VISUAL STUDIO 2012\PROJECTS\IMAGE-PROCESSING\BMPLOAD2\DEBUG\FILTER.OBJ
C:\USERS\INTEKPLUS\DOCUMENTS\VISUAL STUDIO 2012\PROJECTS\IMAGE-PROCESSING\BMPLOAD2\DEBUG\FOURIER.OBJ
C:\USERS\INTEKPLUS\DOCUMENTS\VISUAL STUDIO 2012\PROJECTS\IMAGE-PROCESSING\BMPLOAD2\DEBUG\FREQ_SPACE.OBJ
C:\USERS\INTEKPLUS\DOCUMENTS\VISUAL STUDIO 2012\PROJECTS\IMAGE-PROCESSING\BMPLOAD2\DEBUG\GAMMA.OBJ
C:\USERS\INTEKPLUS\DOCUMENTS\VISUAL STUDIO 2012\PROJECTS\IMAGE-PROCESSING\BMPLOAD2\DEBUG\GAUSSIAN.OBJ
C:\USERS\INTEKPLUS\DOCUMENTS\VISUAL STUDIO 2012\PROJECTS\IMAGE-PROCESSING\BMPLOAD2\DEBUG\HARRIS.OBJ
C:\USERS\INTEKPLUS\DOCUMENTS\VISUAL STUDIO 2012\PROJECTS\IMAGE-PROCESSING\BMPLOAD2\DEBUG\IMAGE.OBJ
C:\USERS\INTEKPLUS\DOCUMENTS\VISUAL STUDIO 2012\PROJECTS\IMAGE-PROCESSING\BMPLOAD2\DEBUG\NOISEGAUSSIAN.OBJ
C:\USERS\INTEKPLUS\DOCUMENTS\VISUAL STUDIO 2012\PROJECTS\IMAGE-PROCESSING\BMPLOAD2\DEBUG\RESIZE.OBJ
C:\USERS\INTEKPLUS\DOCUMENTS\VISUAL STUDIO 2012\PROJECTS\IMAGE-PROCESSING\BMPLOAD2\DEBUG\ROTATE.OBJ
C:\USERS\INTEKPLUS\DOCUMENTS\VISUAL STUDIO 2012\PROJECTS\IMAGE-PROCESSING\BMPLOAD2\DEBUG\SALTPEPPER.OBJ
C:\USERS\INTEKPLUS\DOCUMENTS\VISUAL STUDIO 2012\PROJECTS\IMAGE-PROCESSING\BMPLOAD2\DEBUG\SEGMENT.OBJ
C:\USERS\INTEKPLUS\DOCUMENTS\VISUAL STUDIO 2012\PROJECTS\IMAGE-PROCESSING\BMPLOAD2\DEBUG\TRANSLATE.OBJ
C:\USERS\INTEKPLUS\DOCUMENTS\VISUAL STUDIO 2012\PROJECTS\IMAGE-PROCESSING\BMPLOAD2\DEBUG\BINARIZE.OBJ
C:\USERS\INTEKPLUS\DOCUMENTS\VISUAL STUDIO 2012\PROJECTS\IMAGE-PROCESSING\DEBUG\BMPLOAD2.ILK
C:\USERS\INTEKPLUS\DOCUMENTS\VISUAL STUDIO 2012\PROJECTS\IMAGE-PROCESSING\DEBUG\BMPLOAD2.EXE
C:\USERS\INTEKPLUS\DOCUMENTS\VISUAL STUDIO 2012\PROJECTS\IMAGE-PROCESSING\DEBUG\BMPLOAD2.PDB
C:\USERS\INTEKPLUS\DOCUMENTS\VISUAL STUDIO 2012\PROJECTS\IMAGE-PROCESSING\BMPLOAD2\DEBUG\BMPLOAD2.RES
C:\Users\IntekPlus\Documents\Visual Studio 2012\Projects\Image-Processing\bmpLoad2\Debug\Binarize.obj
C:\Users\IntekPlus\Documents\Visual Studio 2012\Projects\Image-Processing\bmpLoad2\Debug\BitPlane.obj
C:\Users\IntekPlus\Documents\Visual Studio 2012\Projects\Image-Processing\bmpLoad2\Debug\bmpLoad2.obj
C:\Users\IntekPlus\Documents\Visual Studio 2012\Projects\Image-Processing\bmpLoad2\Debug\Brightness.obj
C:\Users\IntekPlus\Documents\Visual Studio 2012\Projects\Image-Processing\bmpLoad2\Debug\Contrast.obj
C:\Users\IntekPlus\Documents\Visual Studio 2012\Projects\Image-Processing\bmpLoad2\Debug\Diffusion.obj
C:\Users\IntekPlus\Documents\Visual Studio 2012\Projects\Image-Processing\bmpLoad2\Debug\Enhancement.obj
C:\Users\IntekPlus\Documents\Visual Studio 2012\Projects\Image-Processing\bmpLoad2\Debug\Filter.obj
C:\Users\IntekPlus\Documents\Visual Studio 2012\Projects\Image-Processing\bmpLoad2\Debug\Fourier.obj
C:\Users\IntekPlus\Documents\Visual Studio 2012\Projects\Image-Processing\bmpLoad2\Debug\Freq_Space.obj
C:\Users\IntekPlus\Documents\Visual Studio 2012\Projects\Image-Processing\bmpLoad2\Debug\Gamma.obj
C:\Users\IntekPlus\Documents\Visual Studio 2012\Projects\Image-Processing\bmpLoad2\Debug\Gaussian.obj
C:\Users\IntekPlus\Documents\Visual Studio 2012\Projects\Image-Processing\bmpLoad2\Debug\Harris.obj
C:\Users\IntekPlus\Documents\Visual Studio 2012\Projects\Image-Processing\bmpLoad2\Debug\Image.obj
C:\Users\IntekPlus\Documents\Visual Studio 2012\Projects\Image-Processing\bmpLoad2\Debug\NoiseGaussian.obj
C:\Users\IntekPlus\Documents\Visual Studio 2012\Projects\Image-Processing\bmpLoad2\Debug\Resize.obj
C:\Users\IntekPlus\Documents\Visual Studio 2012\Projects\Image-Processing\bmpLoad2\Debug\Rotate.obj
C:\Users\IntekPlus\Documents\Visual Studio 2012\Projects\Image-Processing\bmpLoad2\Debug\SaltPepper.obj
C:\Users\IntekPlus\Documents\Visual Studio 2012\Projects\Image-Processing\bmpLoad2\Debug\Segment.obj
C:\Users\IntekPlus\Documents\Visual Studio 2012\Projects\Image-Processing\bmpLoad2\Debug\stdafx.obj
C:\Users\IntekPlus\Documents\Visual Studio 2012\Projects\Image-Processing\bmpLoad2\Debug\Translate.obj
C:\Users\IntekPlus\Documents\Visual Studio 2012\Projects\Image-Processing\bmpLoad2\Debug\cl.command.1.tlog
C:\Users\IntekPlus\Documents\Visual Studio 2012\Projects\Image-Processing\bmpLoad2\Debug\CL.read.1.tlog
C:\Users\IntekPlus\Documents\Visual Studio 2012\Projects\Image-Processing\bmpLoad2\Debug\CL.write.1.tlog
C:\Users\IntekPlus\Documents\Visual Studio 2012\Projects\Image-Processing\bmpLoad2\Debug\link-cvtres.read.1.tlog
C:\Users\IntekPlus\Documents\Visual Studio 2012\Projects\Image-Processing\bmpLoad2\Debug\link-cvtres.write.1.tlog
C:\Users\IntekPlus\Documents\Visual Studio 2012\Projects\Image-Processing\bmpLoad2\Debug\link-mt.read.1.tlog
C:\Users\IntekPlus\Documents\Visual Studio 2012\Projects\Image-Processing\bmpLoad2\Debug\link-mt.write.1.tlog
C:\Users\IntekPlus\Documents\Visual Studio 2012\Projects\Image-Processing\bmpLoad2\Debug\link-rc.read.1.tlog
C:\Users\IntekPlus\Documents\Visual Studio 2012\Projects\Image-Processing\bmpLoad2\Debug\link-rc.write.1.tlog
C:\Users\IntekPlus\Documents\Visual Studio 2012\Projects\Image-Processing\bmpLoad2\Debug\link.command.1.tlog
C:\Users\IntekPlus\Documents\Visual Studio 2012\Projects\Image-Processing\bmpLoad2\Debug\link.read.1.tlog
C:\Users\IntekPlus\Documents\Visual Studio 2012\Projects\Image-Processing\bmpLoad2\Debug\link.write.1.tlog
C:\Users\IntekPlus\Documents\Visual Studio 2012\Projects\Image-Processing\bmpLoad2\Debug\rc.command.1.tlog
C:\Users\IntekPlus\Documents\Visual Studio 2012\Projects\Image-Processing\bmpLoad2\Debug\rc.read.1.tlog
C:\Users\IntekPlus\Documents\Visual Studio 2012\Projects\Image-Processing\bmpLoad2\Debug\rc.write.1.tlog
C:\Users\IntekPlus\Documents\Visual Studio 2012\Projects\Image-Processing\bmpLoad2\Debug\bmpLoad2.res
C:\Users\IntekPlus\Documents\Visual Studio 2012\Projects\Image-Processing\bmpLoad2\Debug\bmpLoad2.pch
C:\Users\IntekPlus\Documents\Visual Studio 2012\Projects\Image-Processing\bmpLoad2\Debug\vc110.idb
C:\Users\IntekPlus\Documents\Visual Studio 2012\Projects\Image-Processing\bmpLoad2\Debug\vc110.pdb
C:\Users\IntekPlus\Documents\Visual Studio 2012\Projects\Image-Processing\Debug\bmpLoad2.pdb
C:\Users\IntekPlus\Documents\Visual Studio 2012\Projects\Image-Processing\Debug\bmpLoad2.exe
C:\Users\IntekPlus\Documents\Visual Studio 2012\Projects\Image-Processing\Debug\bmpLoad2.ilk
