  stdafx.cpp
  Binarize.cpp
  BitPlane.cpp
  bmpLoad2.cpp
  bmpLoad2Dlg.cpp
bmpLoad2Dlg.cpp : warning C4819: 현재 코드 페이지(949)에서 표시할 수 없는 문자가 파일에 들어 있습니다. 데이터가 손실되지 않게 하려면 해당 파일을 유니코드 형식으로 저장하십시오.
  Brightness.cpp
  Color.cpp
Color.cpp(21): warning C4244: '=' : 'COLORREF'에서 'BYTE'(으)로 변환하면서 데이터가 손실될 수 있습니다.
Color.cpp(22): warning C4244: '=' : 'COLORREF'에서 'BYTE'(으)로 변환하면서 데이터가 손실될 수 있습니다.
Color.cpp(23): warning C4244: '=' : 'COLORREF'에서 'BYTE'(으)로 변환하면서 데이터가 손실될 수 있습니다.
Color.cpp(98): warning C4244: '=' : 'double'에서 'BYTE'(으)로 변환하면서 데이터가 손실될 수 있습니다.
Color.cpp(99): warning C4244: '=' : 'double'에서 'BYTE'(으)로 변환하면서 데이터가 손실될 수 있습니다.
Color.cpp(100): warning C4244: '=' : 'double'에서 'BYTE'(으)로 변환하면서 데이터가 손실될 수 있습니다.
Color.cpp(195): warning C4244: '=' : 'COLORREF'에서 'BYTE'(으)로 변환하면서 데이터가 손실될 수 있습니다.
Color.cpp(196): warning C4244: '=' : 'COLORREF'에서 'BYTE'(으)로 변환하면서 데이터가 손실될 수 있습니다.
Color.cpp(197): warning C4244: '=' : 'COLORREF'에서 'BYTE'(으)로 변환하면서 데이터가 손실될 수 있습니다.
Color.cpp(239): warning C4244: '=' : 'COLORREF'에서 'BYTE'(으)로 변환하면서 데이터가 손실될 수 있습니다.
Color.cpp(240): warning C4244: '=' : 'COLORREF'에서 'BYTE'(으)로 변환하면서 데이터가 손실될 수 있습니다.
Color.cpp(241): warning C4244: '=' : 'COLORREF'에서 'BYTE'(으)로 변환하면서 데이터가 손실될 수 있습니다.
Color.cpp(266): warning C4244: '=' : 'double'에서 'int'(으)로 변환하면서 데이터가 손실될 수 있습니다.
  Contrast.cpp
  Diffusion.cpp
  Enhancement.cpp
  Filter.cpp
Filter.cpp(154): warning C4244: '=' : 'double'에서 'int'(으)로 변환하면서 데이터가 손실될 수 있습니다.
Filter.cpp(301): warning C4244: '=' : 'float'에서 'int'(으)로 변환하면서 데이터가 손실될 수 있습니다.
  Fourier.cpp
Fourier.cpp(78): warning C4244: '=' : 'double'에서 'int'(으)로 변환하면서 데이터가 손실될 수 있습니다.
Fourier.cpp(121): warning C4244: '=' : 'double'에서 'int'(으)로 변환하면서 데이터가 손실될 수 있습니다.
Fourier.cpp(163): warning C4244: '=' : 'double'에서 'int'(으)로 변환하면서 데이터가 손실될 수 있습니다.
  Freq_Space.cpp
  Gamma.cpp
  Gaussian.cpp
  Geometry.cpp
  Harris.cpp
  Image.cpp
  NoiseGaussian.cpp
  Resize.cpp
  Rotate.cpp
  컴파일하고 있습니다...
  SaltPepper.cpp
  Segment.cpp
Segment.cpp(46): warning C4101: 'j' :참조되지 않은 지역 변수입니다.
  Translate.cpp
  코드를 생성하고 있습니다.
  코드를 생성했습니다.
  bmpLoad2.vcxproj -> C:\Users\IntekPlus\Documents\Visual Studio 2012\Projects\Image-Processing\Release\bmpLoad2.exe
