C:\USERS\INTEKPLUS\DOCUMENTS\VISUAL STUDIO 2012\PROJECTS\IMAGE-PROCESSING\BMPLOAD2\RELEASE\BMPLOAD2.PCH
C:\USERS\INTEKPLUS\DOCUMENTS\VISUAL STUDIO 2012\PROJECTS\IMAGE-PROCESSING\BMPLOAD2\RELEASE\STDAFX.OBJ
C:\USERS\INTEKPLUS\DOCUMENTS\VISUAL STUDIO 2012\PROJECTS\IMAGE-PROCESSING\BMPLOAD2\RELEASE\VC110.PDB
C:\USERS\INTEKPLUS\DOCUMENTS\VISUAL STUDIO 2012\PROJECTS\IMAGE-PROCESSING\BMPLOAD2\RELEASE\SEGMENT.OBJ
C:\USERS\INTEKPLUS\DOCUMENTS\VISUAL STUDIO 2012\PROJECTS\IMAGE-PROCESSING\BMPLOAD2\RELEASE\SALTPEPPER.OBJ
C:\USERS\INTEKPLUS\DOCUMENTS\VISUAL STUDIO 2012\PROJECTS\IMAGE-PROCESSING\BMPLOAD2\RELEASE\ROTATE.OBJ
C:\USERS\INTEKPLUS\DOCUMENTS\VISUAL STUDIO 2012\PROJECTS\IMAGE-PROCESSING\BMPLOAD2\RELEASE\RESIZE.OBJ
C:\USERS\INTEKPLUS\DOCUMENTS\VISUAL STUDIO 2012\PROJECTS\IMAGE-PROCESSING\BMPLOAD2\RELEASE\NOISEGAUSSIAN.OBJ
C:\USERS\INTEKPLUS\DOCUMENTS\VISUAL STUDIO 2012\PROJECTS\IMAGE-PROCESSING\BMPLOAD2\RELEASE\IMAGE.OBJ
C:\USERS\INTEKPLUS\DOCUMENTS\VISUAL STUDIO 2012\PROJECTS\IMAGE-PROCESSING\BMPLOAD2\RELEASE\HARRIS.OBJ
C:\USERS\INTEKPLUS\DOCUMENTS\VISUAL STUDIO 2012\PROJECTS\IMAGE-PROCESSING\BMPLOAD2\RELEASE\GAUSSIAN.OBJ
C:\USERS\INTEKPLUS\DOCUMENTS\VISUAL STUDIO 2012\PROJECTS\IMAGE-PROCESSING\BMPLOAD2\RELEASE\GAMMA.OBJ
C:\USERS\INTEKPLUS\DOCUMENTS\VISUAL STUDIO 2012\PROJECTS\IMAGE-PROCESSING\BMPLOAD2\RELEASE\FREQ_SPACE.OBJ
C:\USERS\INTEKPLUS\DOCUMENTS\VISUAL STUDIO 2012\PROJECTS\IMAGE-PROCESSING\BMPLOAD2\RELEASE\FOURIER.OBJ
C:\USERS\INTEKPLUS\DOCUMENTS\VISUAL STUDIO 2012\PROJECTS\IMAGE-PROCESSING\BMPLOAD2\RELEASE\FILTER.OBJ
C:\USERS\INTEKPLUS\DOCUMENTS\VISUAL STUDIO 2012\PROJECTS\IMAGE-PROCESSING\BMPLOAD2\RELEASE\ENHANCEMENT.OBJ
C:\USERS\INTEKPLUS\DOCUMENTS\VISUAL STUDIO 2012\PROJECTS\IMAGE-PROCESSING\BMPLOAD2\RELEASE\DIFFUSION.OBJ
C:\USERS\INTEKPLUS\DOCUMENTS\VISUAL STUDIO 2012\PROJECTS\IMAGE-PROCESSING\BMPLOAD2\RELEASE\CONTRAST.OBJ
C:\USERS\INTEKPLUS\DOCUMENTS\VISUAL STUDIO 2012\PROJECTS\IMAGE-PROCESSING\BMPLOAD2\RELEASE\BRIGHTNESS.OBJ
C:\USERS\INTEKPLUS\DOCUMENTS\VISUAL STUDIO 2012\PROJECTS\IMAGE-PROCESSING\BMPLOAD2\RELEASE\BMPLOAD2.OBJ
C:\USERS\INTEKPLUS\DOCUMENTS\VISUAL STUDIO 2012\PROJECTS\IMAGE-PROCESSING\BMPLOAD2\RELEASE\BITPLANE.OBJ
C:\USERS\INTEKPLUS\DOCUMENTS\VISUAL STUDIO 2012\PROJECTS\IMAGE-PROCESSING\BMPLOAD2\RELEASE\BINARIZE.OBJ
C:\USERS\INTEKPLUS\DOCUMENTS\VISUAL STUDIO 2012\PROJECTS\IMAGE-PROCESSING\BMPLOAD2\RELEASE\TRANSLATE.OBJ
C:\USERS\INTEKPLUS\DOCUMENTS\VISUAL STUDIO 2012\PROJECTS\IMAGE-PROCESSING\BMPLOAD2\RELEASE\BMPLOAD2DLG.OBJ
C:\USERS\INTEKPLUS\DOCUMENTS\VISUAL STUDIO 2012\PROJECTS\IMAGE-PROCESSING\RELEASE\BMPLOAD2.EXE
C:\USERS\INTEKPLUS\DOCUMENTS\VISUAL STUDIO 2012\PROJECTS\IMAGE-PROCESSING\RELEASE\BMPLOAD2.PDB
C:\USERS\INTEKPLUS\DOCUMENTS\VISUAL STUDIO 2012\PROJECTS\IMAGE-PROCESSING\BMPLOAD2\RELEASE\BMPLOAD2.RES
C:\Users\IntekPlus\Documents\Visual Studio 2012\Projects\Image-Processing\bmpLoad2\Release\Binarize.obj
C:\Users\IntekPlus\Documents\Visual Studio 2012\Projects\Image-Processing\bmpLoad2\Release\BitPlane.obj
C:\Users\IntekPlus\Documents\Visual Studio 2012\Projects\Image-Processing\bmpLoad2\Release\bmpLoad2.obj
C:\Users\IntekPlus\Documents\Visual Studio 2012\Projects\Image-Processing\bmpLoad2\Release\bmpLoad2Dlg.obj
C:\Users\IntekPlus\Documents\Visual Studio 2012\Projects\Image-Processing\bmpLoad2\Release\Brightness.obj
C:\Users\IntekPlus\Documents\Visual Studio 2012\Projects\Image-Processing\bmpLoad2\Release\Contrast.obj
C:\Users\IntekPlus\Documents\Visual Studio 2012\Projects\Image-Processing\bmpLoad2\Release\Diffusion.obj
C:\Users\IntekPlus\Documents\Visual Studio 2012\Projects\Image-Processing\bmpLoad2\Release\Enhancement.obj
C:\Users\IntekPlus\Documents\Visual Studio 2012\Projects\Image-Processing\bmpLoad2\Release\Filter.obj
C:\Users\IntekPlus\Documents\Visual Studio 2012\Projects\Image-Processing\bmpLoad2\Release\Fourier.obj
C:\Users\IntekPlus\Documents\Visual Studio 2012\Projects\Image-Processing\bmpLoad2\Release\Freq_Space.obj
C:\Users\IntekPlus\Documents\Visual Studio 2012\Projects\Image-Processing\bmpLoad2\Release\Gamma.obj
C:\Users\IntekPlus\Documents\Visual Studio 2012\Projects\Image-Processing\bmpLoad2\Release\Gaussian.obj
C:\Users\IntekPlus\Documents\Visual Studio 2012\Projects\Image-Processing\bmpLoad2\Release\Harris.obj
C:\Users\IntekPlus\Documents\Visual Studio 2012\Projects\Image-Processing\bmpLoad2\Release\Image.obj
C:\Users\IntekPlus\Documents\Visual Studio 2012\Projects\Image-Processing\bmpLoad2\Release\NoiseGaussian.obj
C:\Users\IntekPlus\Documents\Visual Studio 2012\Projects\Image-Processing\bmpLoad2\Release\Resize.obj
C:\Users\IntekPlus\Documents\Visual Studio 2012\Projects\Image-Processing\bmpLoad2\Release\Rotate.obj
C:\Users\IntekPlus\Documents\Visual Studio 2012\Projects\Image-Processing\bmpLoad2\Release\SaltPepper.obj
C:\Users\IntekPlus\Documents\Visual Studio 2012\Projects\Image-Processing\bmpLoad2\Release\Segment.obj
C:\Users\IntekPlus\Documents\Visual Studio 2012\Projects\Image-Processing\bmpLoad2\Release\stdafx.obj
C:\Users\IntekPlus\Documents\Visual Studio 2012\Projects\Image-Processing\bmpLoad2\Release\Translate.obj
C:\Users\IntekPlus\Documents\Visual Studio 2012\Projects\Image-Processing\bmpLoad2\Release\cl.command.1.tlog
C:\Users\IntekPlus\Documents\Visual Studio 2012\Projects\Image-Processing\bmpLoad2\Release\CL.read.1.tlog
C:\Users\IntekPlus\Documents\Visual Studio 2012\Projects\Image-Processing\bmpLoad2\Release\CL.write.1.tlog
C:\Users\IntekPlus\Documents\Visual Studio 2012\Projects\Image-Processing\bmpLoad2\Release\link-cvtres.read.1.tlog
C:\Users\IntekPlus\Documents\Visual Studio 2012\Projects\Image-Processing\bmpLoad2\Release\link-cvtres.write.1.tlog
C:\Users\IntekPlus\Documents\Visual Studio 2012\Projects\Image-Processing\bmpLoad2\Release\link-mt.read.1.tlog
C:\Users\IntekPlus\Documents\Visual Studio 2012\Projects\Image-Processing\bmpLoad2\Release\link-mt.write.1.tlog
C:\Users\IntekPlus\Documents\Visual Studio 2012\Projects\Image-Processing\bmpLoad2\Release\link-rc.read.1.tlog
C:\Users\IntekPlus\Documents\Visual Studio 2012\Projects\Image-Processing\bmpLoad2\Release\link-rc.write.1.tlog
C:\Users\IntekPlus\Documents\Visual Studio 2012\Projects\Image-Processing\bmpLoad2\Release\link.command.1.tlog
C:\Users\IntekPlus\Documents\Visual Studio 2012\Projects\Image-Processing\bmpLoad2\Release\link.read.1.tlog
C:\Users\IntekPlus\Documents\Visual Studio 2012\Projects\Image-Processing\bmpLoad2\Release\link.write.1.tlog
C:\Users\IntekPlus\Documents\Visual Studio 2012\Projects\Image-Processing\bmpLoad2\Release\rc.command.1.tlog
C:\Users\IntekPlus\Documents\Visual Studio 2012\Projects\Image-Processing\bmpLoad2\Release\rc.read.1.tlog
C:\Users\IntekPlus\Documents\Visual Studio 2012\Projects\Image-Processing\bmpLoad2\Release\rc.write.1.tlog
C:\Users\IntekPlus\Documents\Visual Studio 2012\Projects\Image-Processing\bmpLoad2\Release\bmpLoad2.res
C:\Users\IntekPlus\Documents\Visual Studio 2012\Projects\Image-Processing\bmpLoad2\Release\bmpLoad2.pch
C:\Users\IntekPlus\Documents\Visual Studio 2012\Projects\Image-Processing\bmpLoad2\Release\vc110.pdb
C:\Users\IntekPlus\Documents\Visual Studio 2012\Projects\Image-Processing\Release\bmpLoad2.pdb
C:\Users\IntekPlus\Documents\Visual Studio 2012\Projects\Image-Processing\Release\bmpLoad2.exe
